lib/build/outputs/logs/manifest-merger-release-report.txt
-- Merging decision tree log ---
manifest
ADDED from src\main\AndroidManifest.xml:2:1-33:12
	package
		ADDED from src\main\AndroidManifest.xml:3:5-21
		INJECTED from src\main\AndroidManifest.xml
		INJECTED from src\main\AndroidManifest.xml
	android:versionName
		ADDED from src\main\AndroidManifest.xml:5:5-30
		INJECTED from src\main\AndroidManifest.xml
		INJECTED from src\main\AndroidManifest.xml
	android:versionCode
		ADDED from src\main\AndroidManifest.xml:4:5-28
		INJECTED from src\main\AndroidManifest.xml
		INJECTED from src\main\AndroidManifest.xml
	xmlns:android
		ADDED from src\main\AndroidManifest.xml:2:11-69
uses-sdk
ADDED from src\main\AndroidManifest.xml:7:5-9:41
	android:targetSdkVersion
		ADDED from src\main\AndroidManifest.xml:9:9-38
		INJECTED from src\main\AndroidManifest.xml
		INJECTED from src\main\AndroidManifest.xml
	android:minSdkVersion
		ADDED from src\main\AndroidManifest.xml:8:9-34
		INJECTED from src\main\AndroidManifest.xml
		INJECTED from src\main\AndroidManifest.xml
android:uses-permission#android.permission.WRITE_EXTERNAL_STORAGE
ADDED from src\main\AndroidManifest.xml:11:5-89
	android:name
		ADDED from src\main\AndroidManifest.xml:11:30-86
android:uses-permission#android.permission.READ_PHONE_STATE
ADDED from src\main\AndroidManifest.xml:12:5-83
	android:name
		ADDED from src\main\AndroidManifest.xml:12:30-80
android:uses-permission#android.permission.READ_EXTERNAL_STORAGE
ADDED from src\main\AndroidManifest.xml:13:5-88
	android:name
		ADDED from src\main\AndroidManifest.xml:13:30-85
application
ADDED from src\main\AndroidManifest.xml:15:5-31:19
	android:label
		ADDED from src\main\AndroidManifest.xml:18:9-41
	android:icon
		ADDED from src\main\AndroidManifest.xml:17:9-38
	android:name
		ADDED from src\main\AndroidManifest.xml:16:9-43
activity#com.ys.sample.MainMenu
ADDED from src\main\AndroidManifest.xml:19:9-27:20
	android:label
		ADDED from src\main\AndroidManifest.xml:21:13-45
	android:name
		ADDED from src\main\AndroidManifest.xml:20:13-44
intent-filter#android.intent.action.MAIN+android.intent.category.LAUNCHER
ADDED from src\main\AndroidManifest.xml:22:13-26:29
action#android.intent.action.MAIN
ADDED from src\main\AndroidManifest.xml:23:17-69
	android:name
		ADDED from src\main\AndroidManifest.xml:23:25-66
category#android.intent.category.LAUNCHER
ADDED from src\main\AndroidManifest.xml:25:17-77
	android:name
		ADDED from src\main\AndroidManifest.xml:25:27-74
activity#com.ys.sample.SerialPortPreferences
ADDED from src\main\AndroidManifest.xml:28:9-75
	android:name
		ADDED from src\main\AndroidManifest.xml:28:19-63
activity#com.ys.sample.SelectGoodsActivity
ADDED from src\main\AndroidManifest.xml:29:9-64
	android:name
		ADDED from src\main\AndroidManifest.xml:29:19-61
activity#com.ys.ui.activity.MainActivity
ADDED from src\main\AndroidManifest.xml:30:9-71
	android:name
		ADDED from src\main\AndroidManifest.xml:30:19-59